2024-10-29 09:29:44,472 - khanhtv - INFO - Testing
2024-10-29 09:43:17,127 - khanhtv - INFO - In constructor of faucet
2024-10-29 10:13:34,362 - khanhtv - INFO - In constructor of faucet
2024-10-29 10:13:34,363 - khanhtv - INFO - /opt/stack/neutron-fwaas/neutron_fwaas/temp/config/main.yaml
2024-10-29 10:13:34,363 - khanhtv - INFO - [Errno 13] Permission denied: '/opt/stack/neutron-fwaas/neutron_fwaas/temp/config/main.yaml'
2024-10-29 10:14:48,206 - khanhtv - INFO - In constructor of faucet
2024-10-29 10:14:48,206 - khanhtv - INFO - /opt/stack/neutron-fwaas/neutron_fwaas/temp/config/main.yaml
2024-10-29 10:18:27,099 - khanhtv - INFO - In constructor of faucet
2024-10-29 10:18:27,100 - khanhtv - INFO - /opt/stack/neutron-fwaas/neutron_fwaas/temp/config/main.yaml
2024-10-29 10:18:27,101 - khanhtv - INFO - {'dps': set(odict_keys(['br-f1']))}
2024-10-29 10:39:11,020 - khanhtv - INFO - In constructor of faucet
2024-10-29 10:39:11,020 - khanhtv - INFO - /opt/stack/neutron-fwaas/neutron_fwaas/temp/config/main.yaml
2024-10-29 10:39:11,021 - khanhtv - INFO - {'dps': set(odict_keys(['br-f1']))}
2024-10-29 10:40:48,835 - khanhtv - INFO - In constructor of faucet
2024-10-29 10:40:48,836 - khanhtv - INFO - /opt/stack/neutron-fwaas/neutron_fwaas/temp/config/main.yaml
2024-10-29 10:40:48,837 - khanhtv - INFO - {'dps': set(odict_keys(['br-f1']))}
2024-10-29 10:40:48,837 - khanhtv - INFO - name=[ACLRule(rule=Rule(eth_type='0x0806', vlan_vid=None, ct_state=None, ct_zone=None, action=Action(allow=True, ct=None)))]
2024-10-29 10:41:57,795 - khanhtv - INFO - In constructor of faucet
2024-10-29 10:41:57,796 - khanhtv - INFO - /opt/stack/neutron-fwaas/neutron_fwaas/temp/config/main.yaml
2024-10-29 10:41:57,797 - khanhtv - INFO - {'dps': set(odict_keys(['br-f1']))}
2024-10-29 10:43:22,339 - khanhtv - INFO - In constructor of faucet
2024-10-29 10:43:22,339 - khanhtv - INFO - /opt/stack/neutron-fwaas/neutron_fwaas/temp/config/main.yaml
2024-10-29 10:43:22,340 - khanhtv - INFO - None
2024-10-29 10:45:16,251 - khanhtv - INFO - In constructor of faucet
2024-10-29 10:45:16,252 - khanhtv - INFO - /opt/stack/neutron-fwaas/neutron_fwaas/temp/config/main.yaml
2024-10-29 10:45:16,252 - khanhtv - INFO - {"name":[{"rule":{"eth_type":"0x0806","vlan_vid":null,"ct_state":null,"ct_zone":null,"action":{"allow":true,"ct":null}}}]}
2024-10-29 10:50:25,191 - khanhtv - INFO - In constructor of faucet
2024-10-29 10:50:25,191 - khanhtv - INFO - /opt/stack/neutron-fwaas/neutron_fwaas/temp/config/main.yaml
2024-10-29 10:50:25,193 - khanhtv - INFO - {'name': [{'rule': {'eth_type': '0x0806', 'vlan_vid': None, 'ct_state': None, 'ct_zone': None, 'action': {'allow': True, 'ct': None}}}]}
2024-10-29 10:51:09,191 - khanhtv - INFO - In constructor of faucet
2024-10-29 10:51:09,191 - khanhtv - INFO - /opt/stack/neutron-fwaas/neutron_fwaas/temp/config/main.yaml
2024-10-29 10:51:09,193 - khanhtv - INFO - {'name': [{'rule': {'eth_type': '0x0806', 'action': {'allow': True}}}]}
2024-10-29 10:51:31,286 - khanhtv - INFO - In constructor of faucet
2024-10-29 10:51:31,286 - khanhtv - INFO - /opt/stack/neutron-fwaas/neutron_fwaas/temp/config/main.yaml
2024-10-29 10:51:31,288 - khanhtv - INFO - {'name': [{'rule': None, 'eth_type': '0x0806', 'action': {'allow': True}}]}
2024-10-30 02:07:12,035 - khanhtv - INFO - In constructor of faucet
2024-10-30 02:07:12,035 - khanhtv - INFO - /opt/stack/neutron-fwaas/neutron_fwaas/temp/config/main.yaml
2024-10-30 02:07:12,037 - khanhtv - INFO - {'name': [{'rule': {'eth_type': '0x0806', 'action': {'allow': True}}}]}
2024-10-30 02:09:56,532 - khanhtv - INFO - In constructor of faucet
2024-10-30 02:09:56,533 - khanhtv - INFO - /opt/stack/neutron-fwaas/neutron_fwaas/temp/config/main.yaml
2024-10-30 02:09:56,534 - khanhtv - INFO - {'name': [{'rule': {'eth_type': '0x0806', 'action': {'allow': True}}}]}
2024-10-30 02:11:23,195 - khanhtv - INFO - In constructor of faucet
2024-10-30 02:11:23,196 - khanhtv - INFO - /opt/stack/neutron-fwaas/neutron_fwaas/temp/config/main.yaml
2024-10-30 02:11:23,197 - khanhtv - INFO - {'name': [{'rule': {'eth_type': '0x0806', 'action': {'allow': True}}}]}
2024-10-30 02:13:07,061 - khanhtv - INFO - In constructor of faucet
2024-10-30 02:13:07,062 - khanhtv - INFO - /opt/stack/neutron-fwaas/neutron_fwaas/temp/config/main.yaml
2024-10-30 02:13:07,063 - khanhtv - INFO - {'acl_entry': [{'allow_arp': [{'rule': {'eth_type': '0x0806', 'action': {'allow': True}}}]}]}
2024-10-30 02:15:16,006 - khanhtv - INFO - In constructor of faucet
2024-10-30 02:15:16,007 - khanhtv - INFO - /opt/stack/neutron-fwaas/neutron_fwaas/temp/config/main.yaml
2024-10-30 02:15:16,008 - khanhtv - INFO - {'acl_entry': {'allow_arp': [{'rule': {'eth_type': '0x0806', 'action': {'allow': True}}}]}}
2024-10-30 06:34:08,383 - khanhtv - INFO - In constructor of faucet
2024-10-30 06:35:28,926 - khanhtv - INFO - In constructor of faucet
2024-10-30 06:38:23,197 - khanhtv - INFO - In constructor of faucet
2024-10-30 06:38:23,199 - khanhtv - INFO - {'acl_entry': {'allow_arp': [{'rule': {'eth_type': '0x0806', 'action': {'allow': True}}}]}}
2024-10-30 06:40:17,209 - khanhtv - INFO - In constructor of faucet
2024-10-30 06:43:34,546 - khanhtv - INFO - In constructor of faucet
2024-10-30 06:44:00,660 - khanhtv - INFO - In constructor of faucet
2024-10-30 06:45:30,534 - khanhtv - INFO - In constructor of faucet
2024-10-30 06:45:30,535 - khanhtv - INFO - dps={'br_f': DP(dp_id=1, hardware='Open vSwitch', interfaces={'1': Interface(name='internal_interface', tagged_vlans=None, acls_in=None), '2': Interface(name='external_interface', tagged_vlans=None, acls_in=None)})}
2024-10-30 06:46:15,246 - khanhtv - INFO - In constructor of faucet
2024-10-30 06:46:15,247 - khanhtv - INFO - dps={'br_f': DP(dp_id=1, hardware='Open vSwitch', interfaces={'1': Interface(name='internal_interface', tagged_vlans=None, acls_in=None), '2': Interface(name='external_interface', tagged_vlans=None, acls_in=None)})}
2024-10-30 06:47:24,246 - khanhtv - INFO - In constructor of faucet
2024-10-30 06:47:24,246 - khanhtv - INFO - dps={'br_f': DP(dp_id=1, hardware='Open vSwitch', interfaces={1: Interface(name='internal_interface', tagged_vlans=None, acls_in=None), 2: Interface(name='external_interface', tagged_vlans=None, acls_in=None)})}
2024-10-30 07:07:08,265 - khanhtv - INFO - In constructor of faucet
2024-10-30 07:07:08,266 - khanhtv - INFO - dps={'br_f': DP(dp_id=1, hardware='Open vSwitch', interfaces={1: Interface(name='internal_interface', tagged_vlans=None, acls_in=None), 2: Interface(name='external_interface', tagged_vlans=None, acls_in=None)})}
2024-10-30 07:09:20,097 - khanhtv - INFO - In constructor of faucet
2024-10-30 07:09:20,098 - khanhtv - INFO - dps={'br_f': DP(dp_id=1, hardware='Open vSwitch', interfaces={1: Interface(name='internal_interface', tagged_vlans=None, acls_in=None), 2: Interface(name='external_interface', tagged_vlans=None, acls_in=None)})}
2024-10-30 07:09:35,512 - khanhtv - INFO - In constructor of faucet
2024-10-30 07:09:35,513 - khanhtv - INFO - dps={'br_f': DP(dp_id=1, hardware='Open vSwitch', interfaces={1: Interface(name='internal_interface', tagged_vlans=None, acls_in=None), 2: Interface(name='external_interface', tagged_vlans=None, acls_in=None)})}
2024-10-30 07:09:52,354 - khanhtv - INFO - In constructor of faucet
2024-10-30 07:09:52,355 - khanhtv - INFO - dps={'br_f': DP(dp_id=1, hardware='Open vSwitch', interfaces={1: Interface(name='internal_interface', tagged_vlans=None, acls_in=None), 2: Interface(name='external_interface', tagged_vlans=None, acls_in=None)})}
2024-10-30 07:21:31,529 - khanhtv - INFO - In constructor of faucet
2024-10-30 07:21:31,529 - khanhtv - INFO - dps={'br_f': DP(dp_id=1, hardware='Open vSwitch', interfaces={1: Interface(name='internal_interface', tagged_vlans=None, acls_in=None), 2: Interface(name='external_interface', tagged_vlans=None, acls_in=None)})}
2024-10-30 07:21:31,535 - khanhtv - INFO - {'dps': {'br_f': {'dp_id': 1, 'hardware': 'Open vSwitch', 'interfaces': {1: {'name': 'internal_interface'}, 2: {'name': 'external_interface'}}}}}
2024-10-30 07:26:10,741 - khanhtv - INFO - In constructor of faucet
2024-10-30 07:26:10,742 - khanhtv - INFO - dps={'br_f': DP(dp_id=1, hardware='Open vSwitch', interfaces={1: Interface(name='internal_interface', tagged_vlans=None, acls_in=None), 2: Interface(name='external_interface', tagged_vlans=None, acls_in=None)})}
2024-10-30 07:31:46,194 - khanhtv - INFO - In constructor of faucet
2024-10-30 07:31:46,194 - khanhtv - INFO - dps={'br_f': DP(dp_id=1, hardware='Open vSwitch', interfaces={1: Interface(name='internal_interface', tagged_vlans=None, acls_in=None), 2: Interface(name='external_interface', tagged_vlans=None, acls_in=None)})}
2024-10-30 07:32:21,602 - khanhtv - INFO - In constructor of faucet
2024-10-30 07:32:21,603 - khanhtv - INFO - dps={'br_f': DP(dp_id=1, hardware='Open vSwitch', interfaces={1: Interface(name='internal_interface', tagged_vlans=None, acls_in=None), 2: Interface(name='external_interface', tagged_vlans=None, acls_in=None)})}
2024-10-30 07:32:46,075 - khanhtv - INFO - In constructor of faucet
2024-10-30 07:32:46,076 - khanhtv - INFO - dps={'br_f': DP(dp_id=1, hardware='Open vSwitch', interfaces={1: Interface(name='internal_interface', tagged_vlans=None, acls_in=None), 2: Interface(name='external_interface', tagged_vlans=None, acls_in=None)})}
2024-10-30 07:33:25,864 - khanhtv - INFO - In constructor of faucet
2024-10-30 07:33:25,864 - khanhtv - INFO - dps={'br_f': DP(dp_id=1, hardware='Open vSwitch', interfaces={1: Interface(name='internal_interface', tagged_vlans=None, acls_in=None), 2: Interface(name='external_interface', tagged_vlans=None, acls_in=None)})}
2024-10-30 07:34:17,813 - khanhtv - INFO - In constructor of faucet
2024-10-30 07:34:17,814 - khanhtv - INFO - dps={'br_f': DP(dp_id=1, hardware='Open vSwitch', interfaces={1: Interface(name='internal_interface', tagged_vlans=None, acls_in=None), 2: Interface(name='external_interface', tagged_vlans=None, acls_in=None)})}
2024-10-30 07:34:17,820 - khanhtv - INFO - dps={'br_f': DP(dp_id=1, hardware='Open vSwitch', interfaces={1: Interface(name='internal_interface', tagged_vlans=None, acls_in=None), 2: Interface(name='external_interface', tagged_vlans=None, acls_in=None)})}
2024-10-30 07:35:54,396 - khanhtv - INFO - In constructor of faucet
2024-10-30 07:35:54,397 - khanhtv - INFO - dps={'br_f': DP(dp_id=1, hardware='Open vSwitch', interfaces={1: Interface(name='internal_interface', tagged_vlans=None, acls_in=None), 2: Interface(name='external_interface', tagged_vlans=None, acls_in=None)})}
2024-10-30 07:35:54,403 - khanhtv - INFO - dps={'br_f': DP(dp_id=1, hardware='Open vSwitch', interfaces={1: Interface(name='internal_interface', tagged_vlans=None, acls_in=None), 2: Interface(name='external_interface', tagged_vlans=None, acls_in=None)})}
2024-10-30 07:36:35,745 - khanhtv - INFO - In constructor of faucet
2024-10-30 07:36:35,746 - khanhtv - INFO - dps={'br_f': DP(dp_id=1, hardware='Open vSwitch', interfaces={1: Interface(name='internal_interface', tagged_vlans=None, acls_in=None), 2: Interface(name='external_interface', tagged_vlans=None, acls_in=None)})}
2024-10-30 07:36:35,752 - khanhtv - INFO - dps={'br_f': DP(dp_id=1, hardware='Open vSwitch', interfaces={1: Interface(name='internal_interface', tagged_vlans=None, acls_in=None), 2: Interface(name='external_interface', tagged_vlans=None, acls_in=None)})}
2024-10-30 07:36:35,752 - khanhtv - INFO - dps={'br_f': DP(dp_id=1, hardware='Open vSwitch', interfaces={1: Interface(name='internal_interface', tagged_vlans=['vlan_500'], acls_in=None), 2: Interface(name='external_interface', tagged_vlans=None, acls_in=None)})}
2024-10-30 07:38:44,752 - khanhtv - INFO - In constructor of faucet
2024-10-30 07:38:44,752 - khanhtv - INFO - dps={'br_f': DP(dp_id=1, hardware='Open vSwitch', interfaces={1: Interface(name='internal_interface', tagged_vlans=None, acls_in=None), 2: Interface(name='external_interface', tagged_vlans=None, acls_in=None)})}
2024-10-30 07:38:44,759 - khanhtv - INFO - dps={'br_f': DP(dp_id=1, hardware='Open vSwitch', interfaces={1: Interface(name='internal_interface', tagged_vlans=['vlan_500'], acls_in=None), 2: Interface(name='external_interface', tagged_vlans=None, acls_in=None)})}
2024-10-30 07:47:04,024 - khanhtv - INFO - In constructor of faucet
2024-10-30 07:47:04,024 - khanhtv - INFO - includes=None dps={'br_f': DP(dp_id=1, hardware='Open vSwitch', interfaces={1: Interface(name='internal_interface', tagged_vlans=None, acls_in=None), 2: Interface(name='external_interface', tagged_vlans=None, acls_in=None)})}
2024-10-30 07:53:26,327 - khanhtv - INFO - In constructor of faucet
2024-10-30 07:53:26,328 - khanhtv - INFO - includes=None dps={'br_f': DP(dp_id=1, hardware='Open vSwitch', interfaces={1: Interface(name='internal_interface', tagged_vlans=None, acls_in=None), 2: Interface(name='external_interface', tagged_vlans=None, acls_in=None)})}
2024-10-30 07:54:45,575 - khanhtv - INFO - In constructor of faucet
2024-10-30 07:54:45,576 - khanhtv - INFO - includes=None dps={'br_f': DP(dp_id=1, hardware='Open vSwitch', interfaces={1: Interface(name='internal_interface', tagged_vlans=None, acls_in=None), 2: Interface(name='external_interface', tagged_vlans=None, acls_in=None)})}
2024-10-30 07:55:29,960 - khanhtv - INFO - In constructor of faucet
2024-10-30 07:55:29,960 - khanhtv - INFO - includes=None dps={'br_f': DP(dp_id=1, hardware='Open vSwitch', interfaces={1: Interface(name='internal_interface', tagged_vlans=None, acls_in=None), 2: Interface(name='external_interface', tagged_vlans=None, acls_in=None)})}
2024-10-30 08:08:09,188 - khanhtv - INFO - In constructor of faucet
2024-10-30 08:08:09,189 - khanhtv - INFO - includes=None dps={'br_f': DP(dp_id=1, hardware='Open vSwitch', interfaces={1: Interface(name='internal_interface', tagged_vlans=None, acls_in=None), 2: Interface(name='external_interface', tagged_vlans=None, acls_in=None)})}
2024-10-30 08:10:18,427 - khanhtv - INFO - In constructor of faucet
2024-10-30 08:10:18,428 - khanhtv - INFO - includes=None dps={'br_f': DP(dp_id=1, hardware='Open vSwitch', interfaces={1: Interface(name='internal_interface', tagged_vlans=None, acls_in=None), 2: Interface(name='external_interface', tagged_vlans=None, acls_in=None)})}
2024-10-30 08:42:42,405 - khanhtv - INFO - In constructor of faucet
